<?xml version="1.0" encoding="UTF-8" ?>
<testsuite failures="0" time="0" errors="0" skipped="0" tests="1" name="com.sree.base.service.AppTest">
  <properties>
    <property name="java.runtime.name" value="Java(TM) SE Runtime Environment"/>
    <property name="sun.boot.library.path" value="C:\Java\jdk1.6.0\jre\bin"/>
    <property name="java.vm.version" value="20.0-b11"/>
    <property name="java.vm.vendor" value="Sun Microsystems Inc."/>
    <property name="java.vendor.url" value="http://java.sun.com/"/>
    <property name="path.separator" value=";"/>
    <property name="java.vm.name" value="Java HotSpot(TM) Client VM"/>
    <property name="file.encoding.pkg" value="sun.io"/>
    <property name="user.country" value="US"/>
    <property name="sun.java.launcher" value="SUN_STANDARD"/>
    <property name="sun.os.patch.level" value="Service Pack 3"/>
    <property name="java.vm.specification.name" value="Java Virtual Machine Specification"/>
    <property name="user.dir" value="D:\maven-project\base-service"/>
    <property name="java.runtime.version" value="1.6.0_25-b06"/>
    <property name="java.awt.graphicsenv" value="sun.awt.Win32GraphicsEnvironment"/>
    <property name="basedir" value="D:\maven-project\base-service"/>
    <property name="java.endorsed.dirs" value="C:\Java\jdk1.6.0\jre\lib\endorsed"/>
    <property name="os.arch" value="x86"/>
    <property name="surefire.real.class.path" value="D:\maven-project\base-service\target\surefire\surefirebooter8458973098105529556.jar"/>
    <property name="java.io.tmpdir" value="C:\DOCUME~1\Sree\LOCALS~1\Temp\"/>
    <property name="line.separator" value="
"/>
    <property name="java.vm.specification.vendor" value="Sun Microsystems Inc."/>
    <property name="user.variant" value=""/>
    <property name="os.name" value="Windows XP"/>
    <property name="sun.jnu.encoding" value="Cp1252"/>
    <property name="java.library.path" value="C:\Java\jdk1.6.0\jre\bin;.;C:\WINDOWS\Sun\Java\bin;C:\WINDOWS\system32;C:\WINDOWS;C:\WINDOWS\system32;C:\WINDOWS;C:\WINDOWS\System32\Wbem;C:\Program Files\TortoiseSVN\bin;C:\Java\jdk1.6.0\bin;C:\Java\apache-maven-3.0.3\bin;.;"/>
    <property name="surefire.test.class.path" value="D:\maven-project\base-service\target\test-classes;D:\maven-project\base-service\target\classes;D:\mavenrepo\junit\junit\3.8.1\junit-3.8.1.jar;D:\maven-project\common\target\common-1.0-SNAPSHOT.jar;D:\maven-project\base-domain\target\base-domain-1.0-SNAPSHOT.jar;D:\maven-project\base-dao\target\base-dao-1.0-SNAPSHOT.jar;"/>
    <property name="java.specification.name" value="Java Platform API Specification"/>
    <property name="java.class.version" value="50.0"/>
    <property name="sun.management.compiler" value="HotSpot Client Compiler"/>
    <property name="os.version" value="5.1"/>
    <property name="user.home" value="C:\Documents and Settings\Sree"/>
    <property name="user.timezone" value=""/>
    <property name="java.awt.printerjob" value="sun.awt.windows.WPrinterJob"/>
    <property name="java.specification.version" value="1.6"/>
    <property name="file.encoding" value="Cp1252"/>
    <property name="user.name" value="Sree"/>
    <property name="java.class.path" value="D:\maven-project\base-service\target\test-classes;D:\maven-project\base-service\target\classes;D:\mavenrepo\junit\junit\3.8.1\junit-3.8.1.jar;D:\maven-project\common\target\common-1.0-SNAPSHOT.jar;D:\maven-project\base-domain\target\base-domain-1.0-SNAPSHOT.jar;D:\maven-project\base-dao\target\base-dao-1.0-SNAPSHOT.jar;"/>
    <property name="java.vm.specification.version" value="1.0"/>
    <property name="sun.arch.data.model" value="32"/>
    <property name="java.home" value="C:\Java\jdk1.6.0\jre"/>
    <property name="sun.java.command" value="D:\maven-project\base-service\target\surefire\surefirebooter8458973098105529556.jar D:\maven-project\base-service\target\surefire\surefire5676164233175970235tmp D:\maven-project\base-service\target\surefire\surefire2213658828936908205tmp"/>
    <property name="java.specification.vendor" value="Sun Microsystems Inc."/>
    <property name="user.language" value="en"/>
    <property name="awt.toolkit" value="sun.awt.windows.WToolkit"/>
    <property name="java.vm.info" value="mixed mode, sharing"/>
    <property name="java.version" value="1.6.0_25"/>
    <property name="java.ext.dirs" value="C:\Java\jdk1.6.0\jre\lib\ext;C:\WINDOWS\Sun\Java\lib\ext"/>
    <property name="sun.boot.class.path" value="C:\Java\jdk1.6.0\jre\lib\resources.jar;C:\Java\jdk1.6.0\jre\lib\rt.jar;C:\Java\jdk1.6.0\jre\lib\sunrsasign.jar;C:\Java\jdk1.6.0\jre\lib\jsse.jar;C:\Java\jdk1.6.0\jre\lib\jce.jar;C:\Java\jdk1.6.0\jre\lib\charsets.jar;C:\Java\jdk1.6.0\jre\lib\modules\jdk.boot.jar;C:\Java\jdk1.6.0\jre\classes"/>
    <property name="java.vendor" value="Sun Microsystems Inc."/>
    <property name="localRepository" value="D:\mavenrepo"/>
    <property name="file.separator" value="\"/>
    <property name="java.vendor.url.bug" value="http://java.sun.com/cgi-bin/bugreport.cgi"/>
    <property name="sun.cpu.endian" value="little"/>
    <property name="sun.io.unicode.encoding" value="UnicodeLittle"/>
    <property name="sun.desktop" value="windows"/>
    <property name="sun.cpu.isalist" value="pentium_pro+mmx pentium_pro pentium+mmx pentium i486 i386 i86"/>
  </properties>
  <testcase time="0" classname="com.sree.base.service.AppTest" name="testApp"/>
</testsuite>